0 info it worked if it ends with ok
1 verbose cli [ 'C:\\Program Files\\nodejs\\node.exe',
1 verbose cli   'C:\\Users\\david\\AppData\\Roaming\\npm\\node_modules\\npm\\bin\\npm-cli.js',
1 verbose cli   'run',
1 verbose cli   'server:test' ]
2 info using npm@3.10.6
3 info using node@v6.9.1
4 verbose run-script [ 'preserver:test', 'server:test', 'postserver:test' ]
5 info lifecycle Stemn@0.0.16~preserver:test: Stemn@0.0.16
6 silly lifecycle Stemn@0.0.16~preserver:test: no script for preserver:test, continuing
7 info lifecycle Stemn@0.0.16~server:test: Stemn@0.0.16
8 verbose lifecycle Stemn@0.0.16~server:test: unsafe-perm in lifecycle true
9 verbose lifecycle Stemn@0.0.16~server:test: PATH: C:\Users\david\AppData\Roaming\npm\node_modules\npm\bin\node-gyp-bin;C:\Users\david\repositories\stemn-desktop\node_modules\.bin;C:\Program Files\ConEmu\ConEmu\Scripts;C:\Program Files\ConEmu;C:\Program Files\ConEmu\ConEmu;C:\Program Files\Docker\Docker\Resources\bin;C:\ProgramData\Oracle\Java\javapath;C:\Ruby22-x64\bin;C:\WINDOWS\system32;C:\WINDOWS;C:\WINDOWS\System32\Wbem;C:\WINDOWS\System32\WindowsPowerShell\v1.0\;C:\Program Files (x86)\AMD\ATI.ACE\Core-Static;C:\Program Files\Git\cmd;C:\redis\;C:\Program Files (x86)\Windows Live\Shared;C:\Program Files (x86)\ATI Technologies\ATI.ACE\Core-Static;C:\Users\david\.dnx\bin;C:\Program Files\Microsoft DNX\Dnvm\;C:\Program Files (x86)\Windows Kits\8.1\Windows Performance Toolkit\;C:\Program Files (x86)\Skype\Phone\;C:\Program Files (x86)\OpenSSH\bin;C:\Program Files (x86)\GnuWin32\bin;C:\Program Files (x86)\Windows Kits\10\Windows Performance Toolkit\;C:\Program Files\Microsoft SQL Server\130\Tools\Binn\;C:\Program Files (x86)\NVIDIA Corporation\PhysX\Common;C:\Users\david\AppData\Roaming\nvm;C:\Program Files\nodejs;C:\Program Files (x86)\Brackets\command;c:\mongodb\bin;C:\Users\david\AppData\Local\Pandoc\;C:\Users\david\Downloads\vips-dev-8.1.1\bin;C:\Python27;C:\Python27\Scripts;C:\Program Files (x86)\GnuWin32\bin;C:\Program Files (x86)\GnuWin32;C:\Users\david\AppData\Local\nylas\bin;C:\Users\david\AppData\Local\atom\bin;C:\cygwin64\bin;C:\Users\david\AppData\Local\Microsoft\WindowsApps;C:\Users\david\AppData\Roaming\npm;C:\Users\david\AppData\Roaming\nvm;C:\Program Files\nodejs
10 verbose lifecycle Stemn@0.0.16~server:test: CWD: C:\Users\david\repositories\stemn-desktop
11 silly lifecycle Stemn@0.0.16~server:test: Args: [ '/d /s /c', 'better-npm-run server:test' ]
12 silly lifecycle Stemn@0.0.16~server:test: Returned: code: 1  signal: null
13 info lifecycle Stemn@0.0.16~server:test: Failed to exec server:test script
14 verbose stack Error: Stemn@0.0.16 server:test: `better-npm-run server:test`
14 verbose stack Exit status 1
14 verbose stack     at EventEmitter.<anonymous> (C:\Users\david\AppData\Roaming\npm\node_modules\npm\lib\utils\lifecycle.js:255:16)
14 verbose stack     at emitTwo (events.js:106:13)
14 verbose stack     at EventEmitter.emit (events.js:191:7)
14 verbose stack     at ChildProcess.<anonymous> (C:\Users\david\AppData\Roaming\npm\node_modules\npm\lib\utils\spawn.js:40:14)
14 verbose stack     at emitTwo (events.js:106:13)
14 verbose stack     at ChildProcess.emit (events.js:191:7)
14 verbose stack     at maybeClose (internal/child_process.js:877:16)
14 verbose stack     at Process.ChildProcess._handle.onexit (internal/child_process.js:226:5)
15 verbose pkgid Stemn@0.0.16
16 verbose cwd C:\Users\david\repositories\stemn-desktop
17 error Windows_NT 10.0.14393
18 error argv "C:\\Program Files\\nodejs\\node.exe" "C:\\Users\\david\\AppData\\Roaming\\npm\\node_modules\\npm\\bin\\npm-cli.js" "run" "server:test"
19 error node v6.9.1
20 error npm  v3.10.6
21 error code ELIFECYCLE
22 error Stemn@0.0.16 server:test: `better-npm-run server:test`
22 error Exit status 1
23 error Failed at the Stemn@0.0.16 server:test script 'better-npm-run server:test'.
23 error Make sure you have the latest version of node.js and npm installed.
23 error If you do, this is most likely a problem with the Stemn package,
23 error not with npm itself.
23 error Tell the author that this fails on your system:
23 error     better-npm-run server:test
23 error You can get information on how to open an issue for this project with:
23 error     npm bugs Stemn
23 error Or if that isn't available, you can get their info via:
23 error     npm owner ls Stemn
23 error There is likely additional logging output above.
24 verbose exit [ 1, true ]
